JvmtiExport can_access_local_variables 0
JvmtiExport can_hotswap_or_post_breakpoint 0
JvmtiExport can_post_on_exceptions 0
# 271 ciObject found
ciMethod java/lang/Object <init> ()V 4097 1 802061 0 0
ciMethod java/lang/Object getClass ()Ljava/lang/Class; 2049 1 256 0 -1
ciMethod java/lang/Object equals (Ljava/lang/Object;)Z 2057 1 5783 0 -1
ciMethod java/lang/Object clone ()Ljava/lang/Object; 2049 1 256 0 -1
ciMethod java/lang/String equals (Ljava/lang/Object;)Z 2097 10481 4520 0 -1
ciMethod java/lang/Class isInterface ()Z 3081 1 385 0 -1
ciMethod java/lang/Class getName ()Ljava/lang/String; 465 1 514 0 -1
ciMethod java/lang/Class getClassLoader0 ()Ljava/lang/ClassLoader; 2049 1 256 0 -1
ciMethod java/lang/Class getSuperclass ()Ljava/lang/Class; 2049 1 256 0 -1
ciMethod java/lang/Class getInterfaces ()[Ljava/lang/Class; 1329 1 836 0 0
ciMethod java/lang/Class getInterfaces0 ()[Ljava/lang/Class; 609 1 76 0 -1
ciMethod java/lang/Class getModifiers ()I 3081 1 385 0 -1
ciMethod java/lang/Class getMethods ()[Ljava/lang/reflect/Method; 913 1 3817 0 0
ciMethod java/lang/Class getMethod (Ljava/lang/String;[Ljava/lang/Class;)Ljava/lang/reflect/Method; 49 1 6 1 0
ciMethod java/lang/Class checkMemberAccess (ILjava/lang/Class;Z)V 3105 1 4310 0 0
ciMethod java/lang/Class checkPackageAccess (Ljava/lang/ClassLoader;Z)V 0 0 1 0 -1
ciMethod java/lang/Class reflectionData ()Ljava/lang/Class$ReflectionData; 3121 1 5248 0 0
ciMethod java/lang/Class newReflectionData (Ljava/lang/ref/SoftReference;I)Ljava/lang/Class$ReflectionData; 601 1 153 0 0
ciMethod java/lang/Class privateGetDeclaredMethods (Z)[Ljava/lang/reflect/Method; 233 1 30 0 0
ciMethod java/lang/Class privateGetPublicMethods ()[Ljava/lang/reflect/Method; 1073 3801 3867 0 0
ciMethod java/lang/Class getMethod0 (Ljava/lang/String;[Ljava/lang/Class;Z)Ljava/lang/reflect/Method; 73 1 9 0 -1
ciMethod java/lang/Class copyMethods ([Ljava/lang/reflect/Method;)[Ljava/lang/reflect/Method; 913 49153 1301 0 928
ciMethod java/lang/Class getDeclaredMethods0 (Z)[Ljava/lang/reflect/Method; 201 1 25 0 -1
ciMethod java/lang/Class argumentTypesToString ([Ljava/lang/Class;)Ljava/lang/String; 1 1 1 0 -1
ciMethod java/lang/Class getReflectionFactory ()Lsun/reflect/ReflectionFactory; 2313 1 1797 0 0
ciMethod java/lang/Class checkInitted ()V 2049 1 4412 0 0
ciMethod java/lang/ClassLoader getClassLoader (Ljava/lang/Class;)Ljava/lang/ClassLoader; 2185 1 896 0 -1
ciMethod java/lang/System getSecurityManager ()Ljava/lang/SecurityManager; 2065 1 9426 0 0
ciMethod java/lang/System arraycopy (Ljava/lang/Object;ILjava/lang/Object;II)V 5121 1 640 0 -1
ciMethod java/lang/ref/Reference get ()Ljava/lang/Object; 1033 1 129 0 -1
ciMethod java/lang/ref/SoftReference <init> (Ljava/lang/Object;)V 841 1 254 0 -1
ciMethod java/lang/ref/SoftReference get ()Ljava/lang/Object; 2049 1 9115 0 0
ciMethod java/lang/reflect/AccessibleObject <init> ()V 3225 1 6663 0 0
ciMethod java/lang/reflect/Method <init> (Ljava/lang/Class;Ljava/lang/String;[Ljava/lang/Class;Ljava/lang/Class;[Ljava/lang/Class;IILjava/lang/String;[B[B[B)V 4097 1 6165 0 160
ciMethod java/lang/reflect/Method copy ()Ljava/lang/reflect/Method; 2793 1 6165 0 320
ciMethod java/lang/reflect/Method getDeclaringClass ()Ljava/lang/Class; 7409 1 926 0 0
ciMethod java/lang/reflect/Method getName ()Ljava/lang/String; 2393 1 299 0 0
ciMethod java/lang/reflect/Method getModifiers ()I 3369 1 421 0 0
ciMethod java/lang/reflect/Method getReturnType ()Ljava/lang/Class; 4241 1 530 0 -1
ciMethod java/lang/reflect/Method getParameterTypes ()[Ljava/lang/Class; 185 1 27927 0 0
ciMethod java/lang/reflect/Method equals (Ljava/lang/Object;)Z 4097 1 4560 0 0
ciMethod java/lang/reflect/Method invoke (Ljava/lang/Object;[Ljava/lang/Object;)Ljava/lang/Object; 3081 1 5505 0 -1
ciMethod java/lang/reflect/Method isBridge ()Z 913 1 4511 0 0
ciMethod java/lang/reflect/Method isDefault ()Z 2937 1 1199 0 0
ciMethod java/lang/reflect/Executable <init> ()V 3073 1 6627 0 0
ciMethod java/lang/reflect/Executable equalParamTypes ([Ljava/lang/Class;[Ljava/lang/Class;)Z 73 1 30 0 -1
ciMethod java/lang/StringBuilder <init> ()V 561 1 13279 0 -1
ciMethod java/lang/StringBuilder append (Ljava/lang/String;)Ljava/lang/StringBuilder; 1025 1 11834 0 -1
ciMethod java/lang/StringBuilder toString ()Ljava/lang/String; 553 1 7004 0 -1
ciMethod java/security/AccessController doPrivileged (Ljava/security/PrivilegedAction;)Ljava/lang/Object; 2049 1 256 0 -1
ciMethod sun/reflect/ReflectionFactory$GetReflectionFactoryAction <init> ()V 25 1 3 0 -1
ciMethod java/util/Collection toArray ()[Ljava/lang/Object; 0 0 1 0 -1
ciMethod java/util/List size ()I 0 0 1 0 -1
ciMethod java/util/List isEmpty ()Z 0 0 1 0 -1
ciMethod java/util/List iterator ()Ljava/util/Iterator; 0 0 1 0 -1
ciMethod java/util/List get (I)Ljava/lang/Object; 0 0 1 0 -1
ciMethod java/util/AbstractList <init> ()V 2057 1 15933 0 0
ciMethod java/util/AbstractCollection <init> ()V 257 1 16037 0 0
ciMethod sun/reflect/ReflectionFactory copyMethod (Ljava/lang/reflect/Method;)Ljava/lang/reflect/Method; 2361 1 71995 0 448
ciMethod sun/reflect/ReflectionFactory langReflectAccess ()Lsun/reflect/LangReflectAccess; 2049 1 72493 0 0
ciMethod java/lang/Math max (II)I 241 1 36548 0 -1
ciMethod java/util/Iterator hasNext ()Z 0 0 1 0 -1
ciMethod java/util/Iterator next ()Ljava/lang/Object; 0 0 1 0 -1
ciMethod java/util/ArrayList <init> ()V 121 1 9169 0 0
ciMethod java/util/ArrayList ensureCapacityInternal (I)V 641 1 8298 0 0
ciMethod java/util/ArrayList ensureExplicitCapacity (I)V 641 1 8353 0 0
ciMethod java/util/ArrayList grow (I)V 89 1 5941 0 0
ciMethod java/util/ArrayList hugeCapacity (I)I 0 0 1 0 0
ciMethod java/util/ArrayList isEmpty ()Z 2073 1 8252 0 64
ciMethod java/util/ArrayList add (Ljava/lang/Object;)Z 641 1 6919 0 736
ciMethod java/util/ArrayList addAll (Ljava/util/Collection;)Z 0 0 9 0 0
ciMethod sun/reflect/Reflection getCallerClass ()Ljava/lang/Class; 2049 1 256 0 -1
ciMethod sun/reflect/Reflection filterMethods (Ljava/lang/Class;[Ljava/lang/reflect/Method;)[Ljava/lang/reflect/Method; 201 1 25 0 -1
ciMethod java/lang/Class$3 <init> ()V 33 1 4 0 0
ciMethod java/lang/Class$ReflectionData <init> (I)V 1225 1 153 0 -1
ciMethod java/lang/Class$Atomic casReflectionData (Ljava/lang/Class;Ljava/lang/ref/SoftReference;Ljava/lang/ref/SoftReference;)Z 1225 1 153 0 -1
ciMethod java/lang/reflect/Modifier isPublic (I)Z 1033 1 22877 0 -1
ciMethod java/lang/reflect/Modifier isStatic (I)Z 1465 1 4576 0 0
ciMethod java/lang/reflect/Modifier isAbstract (I)Z 1945 1 255 0 0
ciMethod sun/reflect/LangReflectAccess copyMethod (Ljava/lang/reflect/Method;)Ljava/lang/reflect/Method; 0 0 1 0 -1
ciMethod java/lang/reflect/ReflectAccess copyMethod (Ljava/lang/reflect/Method;)Ljava/lang/reflect/Method; 2705 1 71995 0 0
ciMethod java/util/Arrays copyOf ([Ljava/lang/Object;I)[Ljava/lang/Object; 457 1 5578 0 0
ciMethod java/util/Arrays copyOf ([Ljava/lang/Object;ILjava/lang/Class;)[Ljava/lang/Object; 601 1 6137 0 -1
ciMethodData java/lang/Object <init> ()V 2 802069 orig 264 184 158 238 100 0 0 0 0 112 4 224 19 0 0 0 0 32 1 0 0 0 0 0 0 0 0 0 0 0 0 0 0 0 0 0 0 0 0 0 0 0 0 0 0 0 0 0 0 0 0 0 0 0 0 0 0 0 0 0 0 0 0 0 0 0 0 0 0 0 0 0 0 0 0 0 0 0 0 0 0 77 68 79 32 101 120 116 114 97 32 100 97 116 97 32 108 111 99 107 0 0 0 0 0 0 0 0 0 0 0 0 0 0 0 0 0 0 0 0 0 0 0 0 0 0 0 0 0 0 0 0 0 0 0 0 0 0 0 0 0 0 0 0 0 0 0 0 0 0 0 0 0 0 0 0 0 0 0 0 0 0 0 0 0 0 0 0 0 0 0 0 0 0 0 0 0 0 0 0 0 0 0 0 0 1 0 0 0 0 0 0 0 1 0 0 0 0 0 0 0 1 0 0 0 0 0 0 0 0 0 0 0 0 0 0 0 0 2 0 0 169 216 97 0 1 0 0 0 0 0 0 0 0 0 0 0 2 0 0 0 0 0 3 0 3 0 0 0 0 0 0 0 255 255 255 255 0 0 0 0 0 0 0 0 data 0 oops 0
ciMethod java/lang/Class$MethodArray <init> ()V 377 1 50 0 0
ciMethod java/lang/Class$MethodArray <init> (I)V 449 1 59 0 0
ciMethod java/lang/Class$MethodArray hasDefaults ()Z 193 1 24 0 -1
ciMethod java/lang/Class$MethodArray add (Ljava/lang/reflect/Method;)V 2049 1 803 0 -1
ciMethod java/lang/Class$MethodArray addAll ([Ljava/lang/reflect/Method;)V 225 3713 30 0 0
ciMethod java/lang/Class$MethodArray addAll (Ljava/lang/Class$MethodArray;)V 73 457 10 0 0
ciMethod java/lang/Class$MethodArray addIfNotPresent (Ljava/lang/reflect/Method;)V 1233 33633 161 0 -1
ciMethod 